mode: set
grpc/main.go:10.13,12.16 2 0
grpc/main.go:12.16,14.3 1 0
grpc/main.go:15.2,15.12 1 0
grpc/api/handler.go:17.12,22.2 1 0
grpc/api/user.go:10.113,12.16 2 0
grpc/api/user.go:12.16,19.3 1 0
grpc/api/user.go:21.2,21.18 1 0
grpc/api/user.go:24.116,26.16 2 0
grpc/api/user.go:26.16,33.3 1 0
grpc/api/user.go:35.2,35.18 1 0
grpc/api/user.go:38.113,40.16 2 0
grpc/api/user.go:40.16,47.3 1 0
grpc/api/user.go:49.2,49.18 1 0
grpc/api/user.go:52.113,54.16 2 0
grpc/api/user.go:54.16,61.3 1 0
grpc/api/user.go:63.2,63.18 1 0
grpc/api/handler.go:17.12,22.2 1 0
grpc/api/user.go:10.113,12.16 2 1
grpc/api/user.go:12.16,19.3 1 0
grpc/api/user.go:21.2,21.18 1 1
grpc/api/user.go:24.116,26.16 2 0
grpc/api/user.go:26.16,33.3 1 0
grpc/api/user.go:35.2,35.18 1 0
grpc/api/user.go:38.113,40.16 2 0
grpc/api/user.go:40.16,47.3 1 0
grpc/api/user.go:49.2,49.18 1 0
grpc/api/user.go:52.113,54.16 2 0
grpc/api/user.go:54.16,61.3 1 0
grpc/api/user.go:63.2,63.18 1 0
grpc/internal/mocks/UserRepository.go:20.133,23.19 2 0
grpc/internal/mocks/UserRepository.go:23.19,24.53 1 0
grpc/internal/mocks/UserRepository.go:27.2,30.119 4 0
grpc/internal/mocks/UserRepository.go:30.119,32.3 1 0
grpc/internal/mocks/UserRepository.go:33.2,33.103 1 0
grpc/internal/mocks/UserRepository.go:33.103,35.3 1 0
grpc/internal/mocks/UserRepository.go:35.8,36.24 1 0
grpc/internal/mocks/UserRepository.go:36.24,38.4 1 0
grpc/internal/mocks/UserRepository.go:41.2,41.96 1 0
grpc/internal/mocks/UserRepository.go:41.96,43.3 1 0
grpc/internal/mocks/UserRepository.go:43.8,45.3 1 0
grpc/internal/mocks/UserRepository.go:47.2,47.96 1 0
grpc/internal/mocks/UserRepository.go:47.96,49.3 1 0
grpc/internal/mocks/UserRepository.go:49.8,51.3 1 0
grpc/internal/mocks/UserRepository.go:53.2,53.19 1 0
grpc/internal/mocks/UserRepository.go:57.91,60.19 2 0
grpc/internal/mocks/UserRepository.go:60.19,61.53 1 0
grpc/internal/mocks/UserRepository.go:64.2,66.82 3 0
grpc/internal/mocks/UserRepository.go:66.82,68.3 1 0
grpc/internal/mocks/UserRepository.go:69.2,69.73 1 0
grpc/internal/mocks/UserRepository.go:69.73,71.3 1 0
grpc/internal/mocks/UserRepository.go:71.8,73.3 1 0
grpc/internal/mocks/UserRepository.go:75.2,75.68 1 0
grpc/internal/mocks/UserRepository.go:75.68,77.3 1 0
grpc/internal/mocks/UserRepository.go:77.8,79.3 1 0
grpc/internal/mocks/UserRepository.go:81.2,81.15 1 0
grpc/internal/mocks/UserRepository.go:85.81,88.19 2 1
grpc/internal/mocks/UserRepository.go:88.19,89.52 1 0
grpc/internal/mocks/UserRepository.go:92.2,93.72 2 1
grpc/internal/mocks/UserRepository.go:93.72,95.3 1 0
grpc/internal/mocks/UserRepository.go:95.8,97.3 1 1
grpc/internal/mocks/UserRepository.go:99.2,99.11 1 1
grpc/internal/mocks/UserRepository.go:103.82,106.19 2 0
grpc/internal/mocks/UserRepository.go:106.19,107.52 1 0
grpc/internal/mocks/UserRepository.go:110.2,111.72 2 0
grpc/internal/mocks/UserRepository.go:111.72,113.3 1 0
grpc/internal/mocks/UserRepository.go:113.8,115.3 1 0
grpc/internal/mocks/UserRepository.go:117.2,117.11 1 0
grpc/internal/mocks/UserRepository.go:125.20,129.19 3 0
grpc/internal/mocks/UserRepository.go:129.19,129.49 1 0
grpc/internal/mocks/UserRepository.go:131.2,131.13 1 0
grpc/internal/repository/user.go:24.42,28.2 1 0
grpc/internal/repository/user.go:30.86,39.2 1 0
grpc/internal/repository/user.go:41.157,48.25 3 0
grpc/internal/repository/user.go:48.25,51.3 2 0
grpc/internal/repository/user.go:53.2,53.26 1 0
grpc/internal/repository/user.go:53.26,56.3 2 0
grpc/internal/repository/user.go:58.2,58.28 1 0
grpc/internal/repository/user.go:58.28,59.33 1 0
grpc/internal/repository/user.go:59.33,61.4 1 0
grpc/internal/repository/user.go:61.9,61.41 1 0
grpc/internal/repository/user.go:61.41,63.4 1 0
grpc/internal/repository/user.go:63.9,65.4 1 0
grpc/internal/repository/user.go:66.8,68.3 1 0
grpc/internal/repository/user.go:70.2,70.27 1 0
grpc/internal/repository/user.go:70.27,72.3 1 0
grpc/internal/repository/user.go:72.8,74.3 1 0
grpc/internal/repository/user.go:76.2,81.16 5 0
grpc/internal/repository/user.go:81.16,83.3 1 0
grpc/internal/repository/user.go:85.2,86.16 2 0
grpc/internal/repository/user.go:86.16,88.3 1 0
grpc/internal/repository/user.go:90.2,90.8 1 0
grpc/internal/repository/user.go:93.86,95.2 1 0
grpc/internal/repository/user.go:97.100,100.2 2 0
grpc/internal/usecase/user.go:28.36,30.2 1 1
grpc/internal/usecase/user.go:32.96,36.2 2 1
grpc/internal/usecase/user.go:38.118,43.16 5 1
grpc/internal/usecase/user.go:43.16,50.3 1 0
grpc/internal/usecase/user.go:52.2,62.16 3 1
grpc/internal/usecase/user.go:62.16,69.3 1 0
grpc/internal/usecase/user.go:71.2,78.8 1 1
grpc/internal/usecase/user.go:81.121,84.16 3 0
grpc/internal/usecase/user.go:84.16,91.3 1 0
grpc/internal/usecase/user.go:93.2,93.16 1 0
grpc/internal/usecase/user.go:93.16,100.3 1 0
grpc/internal/usecase/user.go:102.2,103.29 2 0
grpc/internal/usecase/user.go:103.29,110.3 2 0
grpc/internal/usecase/user.go:112.2,123.8 1 0
grpc/internal/usecase/user.go:126.118,129.16 3 0
grpc/internal/usecase/user.go:129.16,136.3 1 0
grpc/internal/usecase/user.go:138.2,139.16 2 0
grpc/internal/usecase/user.go:139.16,146.3 1 0
grpc/internal/usecase/user.go:147.2,149.33 3 0
grpc/internal/usecase/user.go:149.33,151.17 2 0
grpc/internal/usecase/user.go:151.17,158.4 1 0
grpc/internal/usecase/user.go:161.2,168.16 2 0
grpc/internal/usecase/user.go:168.16,175.3 1 0
grpc/internal/usecase/user.go:177.2,184.8 1 0
grpc/internal/usecase/user.go:187.129,190.16 3 0
grpc/internal/usecase/user.go:190.16,197.3 1 0
grpc/internal/usecase/user.go:199.2,202.16 4 0
grpc/internal/usecase/user.go:202.16,209.3 1 0
grpc/internal/usecase/user.go:210.2,217.8 1 0
grpc/pb/v1/user.pb.go:33.37,38.2 4 0
grpc/pb/v1/user.pb.go:40.45,42.2 1 0
grpc/pb/v1/user.pb.go:44.43,44.44 0 0
grpc/pb/v1/user.pb.go:46.65,48.14 2 0
grpc/pb/v1/user.pb.go:48.14,50.34 2 0
grpc/pb/v1/user.pb.go:50.34,52.4 1 0
grpc/pb/v1/user.pb.go:53.3,53.12 1 0
grpc/pb/v1/user.pb.go:55.2,55.24 1 0
grpc/pb/v1/user.pb.go:59.56,61.2 1 0
grpc/pb/v1/user.pb.go:63.60,64.14 1 0
grpc/pb/v1/user.pb.go:64.14,66.3 1 0
grpc/pb/v1/user.pb.go:67.2,67.12 1 0
grpc/pb/v1/user.pb.go:70.67,71.14 1 1
grpc/pb/v1/user.pb.go:71.14,73.3 1 1
grpc/pb/v1/user.pb.go:74.2,74.12 1 0
grpc/pb/v1/user.pb.go:88.38,93.2 4 0
grpc/pb/v1/user.pb.go:95.46,97.2 1 0
grpc/pb/v1/user.pb.go:99.44,99.45 0 0
grpc/pb/v1/user.pb.go:101.66,103.14 2 0
grpc/pb/v1/user.pb.go:103.14,105.34 2 0
grpc/pb/v1/user.pb.go:105.34,107.4 1 0
grpc/pb/v1/user.pb.go:108.3,108.12 1 0
grpc/pb/v1/user.pb.go:110.2,110.24 1 0
grpc/pb/v1/user.pb.go:114.57,116.2 1 0
grpc/pb/v1/user.pb.go:118.47,119.14 1 0
grpc/pb/v1/user.pb.go:119.14,121.3 1 0
grpc/pb/v1/user.pb.go:122.2,122.10 1 0
grpc/pb/v1/user.pb.go:125.55,126.14 1 0
grpc/pb/v1/user.pb.go:126.14,128.3 1 0
grpc/pb/v1/user.pb.go:129.2,129.11 1 0
grpc/pb/v1/user.pb.go:132.55,133.14 1 0
grpc/pb/v1/user.pb.go:133.14,135.3 1 0
grpc/pb/v1/user.pb.go:136.2,136.11 1 0
grpc/pb/v1/user.pb.go:139.81,140.14 1 0
grpc/pb/v1/user.pb.go:140.14,142.3 1 0
grpc/pb/v1/user.pb.go:143.2,143.12 1 0
grpc/pb/v1/user.pb.go:155.38,160.2 4 0
grpc/pb/v1/user.pb.go:162.46,164.2 1 0
grpc/pb/v1/user.pb.go:166.44,166.45 0 0
grpc/pb/v1/user.pb.go:168.66,170.14 2 0
grpc/pb/v1/user.pb.go:170.14,172.34 2 0
grpc/pb/v1/user.pb.go:172.34,174.4 1 0
grpc/pb/v1/user.pb.go:175.3,175.12 1 0
grpc/pb/v1/user.pb.go:177.2,177.24 1 0
grpc/pb/v1/user.pb.go:181.57,183.2 1 0
grpc/pb/v1/user.pb.go:185.61,186.14 1 0
grpc/pb/v1/user.pb.go:186.14,188.3 1 0
grpc/pb/v1/user.pb.go:189.2,189.12 1 0
grpc/pb/v1/user.pb.go:192.65,193.14 1 0
grpc/pb/v1/user.pb.go:193.14,195.3 1 0
grpc/pb/v1/user.pb.go:196.2,196.12 1 0
grpc/pb/v1/user.pb.go:210.39,215.2 4 0
grpc/pb/v1/user.pb.go:217.47,219.2 1 0
grpc/pb/v1/user.pb.go:221.45,221.46 0 0
grpc/pb/v1/user.pb.go:223.67,225.14 2 0
grpc/pb/v1/user.pb.go:225.14,227.34 2 0
grpc/pb/v1/user.pb.go:227.34,229.4 1 0
grpc/pb/v1/user.pb.go:230.3,230.12 1 0
grpc/pb/v1/user.pb.go:232.2,232.24 1 0
grpc/pb/v1/user.pb.go:236.58,238.2 1 0
grpc/pb/v1/user.pb.go:240.48,241.14 1 0
grpc/pb/v1/user.pb.go:241.14,243.3 1 0
grpc/pb/v1/user.pb.go:244.2,244.10 1 0
grpc/pb/v1/user.pb.go:247.56,248.14 1 0
grpc/pb/v1/user.pb.go:248.14,250.3 1 0
grpc/pb/v1/user.pb.go:251.2,251.11 1 0
grpc/pb/v1/user.pb.go:254.56,255.14 1 0
grpc/pb/v1/user.pb.go:255.14,257.3 1 0
grpc/pb/v1/user.pb.go:258.2,258.11 1 0
grpc/pb/v1/user.pb.go:261.83,262.14 1 0
grpc/pb/v1/user.pb.go:262.14,264.3 1 0
grpc/pb/v1/user.pb.go:265.2,265.12 1 0
grpc/pb/v1/user.pb.go:277.37,282.2 4 0
grpc/pb/v1/user.pb.go:284.45,286.2 1 0
grpc/pb/v1/user.pb.go:288.43,288.44 0 0
grpc/pb/v1/user.pb.go:290.65,292.14 2 0
grpc/pb/v1/user.pb.go:292.14,294.34 2 0
grpc/pb/v1/user.pb.go:294.34,296.4 1 0
grpc/pb/v1/user.pb.go:297.3,297.12 1 0
grpc/pb/v1/user.pb.go:299.2,299.24 1 0
grpc/pb/v1/user.pb.go:303.56,305.2 1 0
grpc/pb/v1/user.pb.go:307.60,308.14 1 0
grpc/pb/v1/user.pb.go:308.14,310.3 1 0
grpc/pb/v1/user.pb.go:311.2,311.12 1 0
grpc/pb/v1/user.pb.go:314.67,315.14 1 0
grpc/pb/v1/user.pb.go:315.14,317.3 1 0
grpc/pb/v1/user.pb.go:318.2,318.12 1 0
grpc/pb/v1/user.pb.go:332.38,337.2 4 0
grpc/pb/v1/user.pb.go:339.46,341.2 1 0
grpc/pb/v1/user.pb.go:343.44,343.45 0 0
grpc/pb/v1/user.pb.go:345.66,347.14 2 0
grpc/pb/v1/user.pb.go:347.14,349.34 2 0
grpc/pb/v1/user.pb.go:349.34,351.4 1 0
grpc/pb/v1/user.pb.go:352.3,352.12 1 0
grpc/pb/v1/user.pb.go:354.2,354.24 1 0
grpc/pb/v1/user.pb.go:358.57,360.2 1 0
grpc/pb/v1/user.pb.go:362.47,363.14 1 0
grpc/pb/v1/user.pb.go:363.14,365.3 1 0
grpc/pb/v1/user.pb.go:366.2,366.10 1 0
grpc/pb/v1/user.pb.go:369.55,370.14 1 0
grpc/pb/v1/user.pb.go:370.14,372.3 1 0
grpc/pb/v1/user.pb.go:373.2,373.11 1 0
grpc/pb/v1/user.pb.go:376.55,377.14 1 0
grpc/pb/v1/user.pb.go:377.14,379.3 1 0
grpc/pb/v1/user.pb.go:380.2,380.11 1 0
grpc/pb/v1/user.pb.go:383.81,384.14 1 0
grpc/pb/v1/user.pb.go:384.14,386.3 1 0
grpc/pb/v1/user.pb.go:387.2,387.12 1 0
grpc/pb/v1/user.pb.go:399.37,404.2 4 0
grpc/pb/v1/user.pb.go:406.45,408.2 1 0
grpc/pb/v1/user.pb.go:410.43,410.44 0 0
grpc/pb/v1/user.pb.go:412.65,414.14 2 0
grpc/pb/v1/user.pb.go:414.14,416.34 2 0
grpc/pb/v1/user.pb.go:416.34,418.4 1 0
grpc/pb/v1/user.pb.go:419.3,419.12 1 0
grpc/pb/v1/user.pb.go:421.2,421.24 1 0
grpc/pb/v1/user.pb.go:425.56,427.2 1 0
grpc/pb/v1/user.pb.go:429.60,430.14 1 0
grpc/pb/v1/user.pb.go:430.14,432.3 1 0
grpc/pb/v1/user.pb.go:433.2,433.12 1 0
grpc/pb/v1/user.pb.go:436.67,437.14 1 0
grpc/pb/v1/user.pb.go:437.14,439.3 1 0
grpc/pb/v1/user.pb.go:440.2,440.12 1 0
grpc/pb/v1/user.pb.go:454.38,459.2 4 0
grpc/pb/v1/user.pb.go:461.46,463.2 1 0
grpc/pb/v1/user.pb.go:465.44,465.45 0 0
grpc/pb/v1/user.pb.go:467.66,469.14 2 0
grpc/pb/v1/user.pb.go:469.14,471.34 2 0
grpc/pb/v1/user.pb.go:471.34,473.4 1 0
grpc/pb/v1/user.pb.go:474.3,474.12 1 0
grpc/pb/v1/user.pb.go:476.2,476.24 1 0
grpc/pb/v1/user.pb.go:480.57,482.2 1 0
grpc/pb/v1/user.pb.go:484.47,485.14 1 0
grpc/pb/v1/user.pb.go:485.14,487.3 1 0
grpc/pb/v1/user.pb.go:488.2,488.10 1 0
grpc/pb/v1/user.pb.go:491.55,492.14 1 0
grpc/pb/v1/user.pb.go:492.14,494.3 1 0
grpc/pb/v1/user.pb.go:495.2,495.11 1 0
grpc/pb/v1/user.pb.go:498.55,499.14 1 0
grpc/pb/v1/user.pb.go:499.14,501.3 1 0
grpc/pb/v1/user.pb.go:502.2,502.11 1 0
grpc/pb/v1/user.pb.go:505.81,506.14 1 0
grpc/pb/v1/user.pb.go:506.14,508.3 1 0
grpc/pb/v1/user.pb.go:509.2,509.12 1 0
grpc/pb/v1/user.pb.go:522.46,527.2 4 0
grpc/pb/v1/user.pb.go:529.54,531.2 1 0
grpc/pb/v1/user.pb.go:533.52,533.53 0 0
grpc/pb/v1/user.pb.go:535.74,537.14 2 0
grpc/pb/v1/user.pb.go:537.14,539.34 2 0
grpc/pb/v1/user.pb.go:539.34,541.4 1 0
grpc/pb/v1/user.pb.go:542.3,542.12 1 0
grpc/pb/v1/user.pb.go:544.2,544.24 1 0
grpc/pb/v1/user.pb.go:548.65,550.2 1 0
grpc/pb/v1/user.pb.go:552.56,553.14 1 1
grpc/pb/v1/user.pb.go:553.14,555.3 1 1
grpc/pb/v1/user.pb.go:556.2,556.11 1 0
grpc/pb/v1/user.pb.go:559.59,560.14 1 1
grpc/pb/v1/user.pb.go:560.14,562.3 1 1
grpc/pb/v1/user.pb.go:563.2,563.11 1 0
grpc/pb/v1/user.pb.go:566.55,567.14 1 1
grpc/pb/v1/user.pb.go:567.14,569.3 1 1
grpc/pb/v1/user.pb.go:570.2,570.11 1 0
grpc/pb/v1/user.pb.go:581.51,586.2 4 0
grpc/pb/v1/user.pb.go:588.59,590.2 1 0
grpc/pb/v1/user.pb.go:592.57,592.58 0 0
grpc/pb/v1/user.pb.go:594.79,596.14 2 0
grpc/pb/v1/user.pb.go:596.14,598.34 2 0
grpc/pb/v1/user.pb.go:598.34,600.4 1 0
grpc/pb/v1/user.pb.go:601.3,601.12 1 0
grpc/pb/v1/user.pb.go:603.2,603.24 1 0
grpc/pb/v1/user.pb.go:607.70,609.2 1 0
grpc/pb/v1/user.pb.go:611.58,612.14 1 0
grpc/pb/v1/user.pb.go:612.14,614.3 1 0
grpc/pb/v1/user.pb.go:615.2,615.11 1 0
grpc/pb/v1/user.pb.go:627.43,632.2 4 0
grpc/pb/v1/user.pb.go:634.51,636.2 1 0
grpc/pb/v1/user.pb.go:638.49,638.50 0 0
grpc/pb/v1/user.pb.go:640.71,642.14 2 0
grpc/pb/v1/user.pb.go:642.14,644.34 2 0
grpc/pb/v1/user.pb.go:644.34,646.4 1 0
grpc/pb/v1/user.pb.go:647.3,647.12 1 0
grpc/pb/v1/user.pb.go:649.2,649.24 1 0
grpc/pb/v1/user.pb.go:653.62,655.2 1 0
grpc/pb/v1/user.pb.go:657.77,658.14 1 0
grpc/pb/v1/user.pb.go:658.14,660.3 1 0
grpc/pb/v1/user.pb.go:661.2,661.12 1 0
grpc/pb/v1/user.pb.go:664.77,665.14 1 0
grpc/pb/v1/user.pb.go:665.14,667.3 1 0
grpc/pb/v1/user.pb.go:668.2,668.12 1 0
grpc/pb/v1/user.pb.go:682.49,687.2 4 0
grpc/pb/v1/user.pb.go:689.57,691.2 1 0
grpc/pb/v1/user.pb.go:693.55,693.56 0 0
grpc/pb/v1/user.pb.go:695.77,697.14 2 0
grpc/pb/v1/user.pb.go:697.14,699.34 2 0
grpc/pb/v1/user.pb.go:699.34,701.4 1 0
grpc/pb/v1/user.pb.go:702.3,702.12 1 0
grpc/pb/v1/user.pb.go:704.2,704.24 1 0
grpc/pb/v1/user.pb.go:708.68,710.2 1 0
grpc/pb/v1/user.pb.go:712.58,713.14 1 0
grpc/pb/v1/user.pb.go:713.14,715.3 1 0
grpc/pb/v1/user.pb.go:716.2,716.10 1 0
grpc/pb/v1/user.pb.go:719.57,720.14 1 0
grpc/pb/v1/user.pb.go:720.14,722.3 1 0
grpc/pb/v1/user.pb.go:723.2,723.10 1 0
grpc/pb/v1/user.pb.go:726.58,727.14 1 0
grpc/pb/v1/user.pb.go:727.14,729.3 1 0
grpc/pb/v1/user.pb.go:730.2,730.11 1 0
grpc/pb/v1/user.pb.go:733.59,734.14 1 0
grpc/pb/v1/user.pb.go:734.14,736.3 1 0
grpc/pb/v1/user.pb.go:737.2,737.11 1 0
grpc/pb/v1/user.pb.go:748.49,753.2 4 0
grpc/pb/v1/user.pb.go:755.57,757.2 1 0
grpc/pb/v1/user.pb.go:759.55,759.56 0 0
grpc/pb/v1/user.pb.go:761.77,763.14 2 0
grpc/pb/v1/user.pb.go:763.14,765.34 2 0
grpc/pb/v1/user.pb.go:765.34,767.4 1 0
grpc/pb/v1/user.pb.go:768.3,768.12 1 0
grpc/pb/v1/user.pb.go:770.2,770.24 1 0
grpc/pb/v1/user.pb.go:774.68,776.2 1 0
grpc/pb/v1/user.pb.go:778.71,779.14 1 0
grpc/pb/v1/user.pb.go:779.14,781.3 1 0
grpc/pb/v1/user.pb.go:782.2,782.12 1 0
grpc/pb/v1/user.pb.go:797.52,802.2 4 0
grpc/pb/v1/user.pb.go:804.60,806.2 1 0
grpc/pb/v1/user.pb.go:808.58,808.59 0 0
grpc/pb/v1/user.pb.go:810.80,812.14 2 0
grpc/pb/v1/user.pb.go:812.14,814.34 2 0
grpc/pb/v1/user.pb.go:814.34,816.4 1 0
grpc/pb/v1/user.pb.go:817.3,817.12 1 0
grpc/pb/v1/user.pb.go:819.2,819.24 1 0
grpc/pb/v1/user.pb.go:823.71,825.2 1 0
grpc/pb/v1/user.pb.go:827.60,828.14 1 0
grpc/pb/v1/user.pb.go:828.14,830.3 1 0
grpc/pb/v1/user.pb.go:831.2,831.10 1 0
grpc/pb/v1/user.pb.go:834.61,835.14 1 0
grpc/pb/v1/user.pb.go:835.14,837.3 1 0
grpc/pb/v1/user.pb.go:838.2,838.10 1 0
grpc/pb/v1/user.pb.go:841.61,842.14 1 0
grpc/pb/v1/user.pb.go:842.14,844.3 1 0
grpc/pb/v1/user.pb.go:845.2,845.10 1 0
grpc/pb/v1/user.pb.go:848.65,849.14 1 0
grpc/pb/v1/user.pb.go:849.14,851.3 1 0
grpc/pb/v1/user.pb.go:852.2,852.10 1 0
grpc/pb/v1/user.pb.go:855.103,856.14 1 0
grpc/pb/v1/user.pb.go:856.14,858.3 1 0
grpc/pb/v1/user.pb.go:859.2,859.12 1 0
grpc/pb/v1/user.pb.go:872.61,877.2 4 0
grpc/pb/v1/user.pb.go:879.69,881.2 1 0
grpc/pb/v1/user.pb.go:883.67,883.68 0 0
grpc/pb/v1/user.pb.go:885.89,887.14 2 0
grpc/pb/v1/user.pb.go:887.14,889.34 2 0
grpc/pb/v1/user.pb.go:889.34,891.4 1 0
grpc/pb/v1/user.pb.go:892.3,892.12 1 0
grpc/pb/v1/user.pb.go:894.2,894.24 1 0
grpc/pb/v1/user.pb.go:898.80,900.2 1 0
grpc/pb/v1/user.pb.go:902.68,903.14 1 0
grpc/pb/v1/user.pb.go:903.14,905.3 1 0
grpc/pb/v1/user.pb.go:906.2,906.11 1 0
grpc/pb/v1/user.pb.go:909.71,910.14 1 0
grpc/pb/v1/user.pb.go:910.14,912.3 1 0
grpc/pb/v1/user.pb.go:913.2,913.11 1 0
grpc/pb/v1/user.pb.go:916.70,917.14 1 0
grpc/pb/v1/user.pb.go:917.14,919.3 1 0
grpc/pb/v1/user.pb.go:920.2,920.11 1 0
grpc/pb/v1/user.pb.go:935.46,940.2 4 0
grpc/pb/v1/user.pb.go:942.54,944.2 1 0
grpc/pb/v1/user.pb.go:946.52,946.53 0 0
grpc/pb/v1/user.pb.go:948.74,950.14 2 0
grpc/pb/v1/user.pb.go:950.14,952.34 2 0
grpc/pb/v1/user.pb.go:952.34,954.4 1 0
grpc/pb/v1/user.pb.go:955.3,955.12 1 0
grpc/pb/v1/user.pb.go:957.2,957.24 1 0
grpc/pb/v1/user.pb.go:961.65,963.2 1 0
grpc/pb/v1/user.pb.go:965.53,966.14 1 0
grpc/pb/v1/user.pb.go:966.14,968.3 1 0
grpc/pb/v1/user.pb.go:969.2,969.11 1 0
grpc/pb/v1/user.pb.go:972.56,973.14 1 0
grpc/pb/v1/user.pb.go:973.14,975.3 1 0
grpc/pb/v1/user.pb.go:976.2,976.11 1 0
grpc/pb/v1/user.pb.go:979.55,980.14 1 0
grpc/pb/v1/user.pb.go:980.14,982.3 1 0
grpc/pb/v1/user.pb.go:983.2,983.11 1 0
grpc/pb/v1/user.pb.go:986.59,987.14 1 0
grpc/pb/v1/user.pb.go:987.14,989.3 1 0
grpc/pb/v1/user.pb.go:990.2,990.11 1 0
grpc/pb/v1/user.pb.go:993.62,994.14 1 0
grpc/pb/v1/user.pb.go:994.14,996.3 1 0
grpc/pb/v1/user.pb.go:997.2,997.11 1 0
grpc/pb/v1/user.pb.go:1008.51,1013.2 4 0
grpc/pb/v1/user.pb.go:1015.59,1017.2 1 0
grpc/pb/v1/user.pb.go:1019.57,1019.58 0 0
grpc/pb/v1/user.pb.go:1021.79,1023.14 2 0
grpc/pb/v1/user.pb.go:1023.14,1025.34 2 0
grpc/pb/v1/user.pb.go:1025.34,1027.4 1 0
grpc/pb/v1/user.pb.go:1028.3,1028.12 1 0
grpc/pb/v1/user.pb.go:1030.2,1030.24 1 0
grpc/pb/v1/user.pb.go:1034.70,1036.2 1 0
grpc/pb/v1/user.pb.go:1038.58,1039.14 1 0
grpc/pb/v1/user.pb.go:1039.14,1041.3 1 0
grpc/pb/v1/user.pb.go:1042.2,1042.11 1 0
grpc/pb/v1/user.pb.go:1053.46,1058.2 4 0
grpc/pb/v1/user.pb.go:1060.54,1062.2 1 0
grpc/pb/v1/user.pb.go:1064.52,1064.53 0 0
grpc/pb/v1/user.pb.go:1066.74,1068.14 2 0
grpc/pb/v1/user.pb.go:1068.14,1070.34 2 0
grpc/pb/v1/user.pb.go:1070.34,1072.4 1 0
grpc/pb/v1/user.pb.go:1073.3,1073.12 1 0
grpc/pb/v1/user.pb.go:1075.2,1075.24 1 0
grpc/pb/v1/user.pb.go:1079.65,1081.2 1 0
grpc/pb/v1/user.pb.go:1083.53,1084.14 1 0
grpc/pb/v1/user.pb.go:1084.14,1086.3 1 0
grpc/pb/v1/user.pb.go:1087.2,1087.11 1 0
grpc/pb/v1/user.pb.go:1098.51,1103.2 4 0
grpc/pb/v1/user.pb.go:1105.59,1107.2 1 0
grpc/pb/v1/user.pb.go:1109.57,1109.58 0 0
grpc/pb/v1/user.pb.go:1111.79,1113.14 2 0
grpc/pb/v1/user.pb.go:1113.14,1115.34 2 0
grpc/pb/v1/user.pb.go:1115.34,1117.4 1 0
grpc/pb/v1/user.pb.go:1118.3,1118.12 1 0
grpc/pb/v1/user.pb.go:1120.2,1120.24 1 0
grpc/pb/v1/user.pb.go:1124.70,1126.2 1 0
grpc/pb/v1/user.pb.go:1128.58,1129.14 1 0
grpc/pb/v1/user.pb.go:1129.14,1131.3 1 0
grpc/pb/v1/user.pb.go:1132.2,1132.11 1 0
grpc/pb/v1/user.pb.go:1333.46,1334.43 1 0
grpc/pb/v1/user.pb.go:1334.43,1336.3 1 0
grpc/pb/v1/user.pb.go:1337.2,1337.39 1 0
grpc/pb/v1/user.pb.go:1399.13,1399.42 1 1
grpc/pb/v1/user.pb.go:1400.32,1401.31 1 1
grpc/pb/v1/user.pb.go:1401.31,1403.3 1 0
grpc/pb/v1/user.pb.go:1404.2,1421.34 6 1
grpc/pb/v1/user.pb.gw.go:38.197,43.100 2 0
grpc/pb/v1/user.pb.gw.go:43.100,45.3 1 0
grpc/pb/v1/user.pb.gw.go:46.2,47.27 2 0
grpc/pb/v1/user.pb.gw.go:50.203,55.100 2 0
grpc/pb/v1/user.pb.gw.go:55.100,57.3 1 0
grpc/pb/v1/user.pb.gw.go:58.2,59.27 2 0
grpc/pb/v1/user.pb.gw.go:62.198,67.100 2 0
grpc/pb/v1/user.pb.gw.go:67.100,69.3 1 0
grpc/pb/v1/user.pb.gw.go:70.2,71.27 2 0
grpc/pb/v1/user.pb.gw.go:74.204,79.100 2 0
grpc/pb/v1/user.pb.gw.go:79.100,81.3 1 0
grpc/pb/v1/user.pb.gw.go:82.2,83.27 2 0
grpc/pb/v1/user.pb.gw.go:86.197,91.100 2 0
grpc/pb/v1/user.pb.gw.go:91.100,93.3 1 0
grpc/pb/v1/user.pb.gw.go:94.2,95.27 2 0
grpc/pb/v1/user.pb.gw.go:98.203,103.100 2 0
grpc/pb/v1/user.pb.gw.go:103.100,105.3 1 0
grpc/pb/v1/user.pb.gw.go:106.2,107.27 2 0
grpc/pb/v1/user.pb.gw.go:110.197,115.100 2 0
grpc/pb/v1/user.pb.gw.go:115.100,117.3 1 0
grpc/pb/v1/user.pb.gw.go:118.2,119.27 2 0
grpc/pb/v1/user.pb.gw.go:122.203,127.100 2 0
grpc/pb/v1/user.pb.gw.go:127.100,129.3 1 0
grpc/pb/v1/user.pb.gw.go:130.2,131.27 2 0
grpc/pb/v1/user.pb.gw.go:139.101,140.134 1 0
grpc/pb/v1/user.pb.gw.go:140.134,147.17 7 0
grpc/pb/v1/user.pb.gw.go:147.17,150.4 2 0
grpc/pb/v1/user.pb.gw.go:151.3,154.17 4 0
grpc/pb/v1/user.pb.gw.go:154.17,157.4 2 0
grpc/pb/v1/user.pb.gw.go:158.3,158.120 1 0
grpc/pb/v1/user.pb.gw.go:160.2,160.135 1 0
grpc/pb/v1/user.pb.gw.go:160.135,167.17 7 0
grpc/pb/v1/user.pb.gw.go:167.17,170.4 2 0
grpc/pb/v1/user.pb.gw.go:171.3,174.17 4 0
grpc/pb/v1/user.pb.gw.go:174.17,177.4 2 0
grpc/pb/v1/user.pb.gw.go:178.3,178.121 1 0
grpc/pb/v1/user.pb.gw.go:180.2,180.134 1 0
grpc/pb/v1/user.pb.gw.go:180.134,187.17 7 0
grpc/pb/v1/user.pb.gw.go:187.17,190.4 2 0
grpc/pb/v1/user.pb.gw.go:191.3,194.17 4 0
grpc/pb/v1/user.pb.gw.go:194.17,197.4 2 0
grpc/pb/v1/user.pb.gw.go:198.3,198.120 1 0
grpc/pb/v1/user.pb.gw.go:200.2,200.134 1 0
grpc/pb/v1/user.pb.gw.go:200.134,207.17 7 0
grpc/pb/v1/user.pb.gw.go:207.17,210.4 2 0
grpc/pb/v1/user.pb.gw.go:211.3,214.17 4 0
grpc/pb/v1/user.pb.gw.go:214.17,217.4 2 0
grpc/pb/v1/user.pb.gw.go:218.3,218.120 1 0
grpc/pb/v1/user.pb.gw.go:221.2,221.12 1 0
grpc/pb/v1/user.pb.gw.go:226.135,228.16 2 0
grpc/pb/v1/user.pb.gw.go:228.16,230.3 1 0
grpc/pb/v1/user.pb.gw.go:231.2,231.15 1 0
grpc/pb/v1/user.pb.gw.go:231.15,232.17 1 0
grpc/pb/v1/user.pb.gw.go:232.17,233.41 1 0
grpc/pb/v1/user.pb.gw.go:233.41,235.5 1 0
grpc/pb/v1/user.pb.gw.go:236.4,236.10 1 0
grpc/pb/v1/user.pb.gw.go:238.3,238.13 1 0
grpc/pb/v1/user.pb.gw.go:238.13,240.41 2 0
grpc/pb/v1/user.pb.gw.go:240.41,242.5 1 0
grpc/pb/v1/user.pb.gw.go:245.2,245.44 1 0
grpc/pb/v1/user.pb.gw.go:250.99,252.2 1 0
grpc/pb/v1/user.pb.gw.go:259.101,260.134 1 0
grpc/pb/v1/user.pb.gw.go:260.134,265.17 5 0
grpc/pb/v1/user.pb.gw.go:265.17,268.4 2 0
grpc/pb/v1/user.pb.gw.go:269.3,271.17 3 0
grpc/pb/v1/user.pb.gw.go:271.17,274.4 2 0
grpc/pb/v1/user.pb.gw.go:275.3,275.120 1 0
grpc/pb/v1/user.pb.gw.go:277.2,277.135 1 0
grpc/pb/v1/user.pb.gw.go:277.135,282.17 5 0
grpc/pb/v1/user.pb.gw.go:282.17,285.4 2 0
grpc/pb/v1/user.pb.gw.go:286.3,288.17 3 0
grpc/pb/v1/user.pb.gw.go:288.17,291.4 2 0
grpc/pb/v1/user.pb.gw.go:292.3,292.121 1 0
grpc/pb/v1/user.pb.gw.go:294.2,294.134 1 0
grpc/pb/v1/user.pb.gw.go:294.134,299.17 5 0
grpc/pb/v1/user.pb.gw.go:299.17,302.4 2 0
grpc/pb/v1/user.pb.gw.go:303.3,305.17 3 0
grpc/pb/v1/user.pb.gw.go:305.17,308.4 2 0
grpc/pb/v1/user.pb.gw.go:309.3,309.120 1 0
grpc/pb/v1/user.pb.gw.go:311.2,311.134 1 0
grpc/pb/v1/user.pb.gw.go:311.134,316.17 5 0
grpc/pb/v1/user.pb.gw.go:316.17,319.4 2 0
grpc/pb/v1/user.pb.gw.go:320.3,322.17 3 0
grpc/pb/v1/user.pb.gw.go:322.17,325.4 2 0
grpc/pb/v1/user.pb.gw.go:326.3,326.120 1 0
grpc/pb/v1/user.pb.gw.go:328.2,328.12 1 0
grpc/pb/v1/user_grpc.pb.go:42.60,44.2 1 0
grpc/pb/v1/user_grpc.pb.go:46.131,50.16 4 0
grpc/pb/v1/user_grpc.pb.go:50.16,52.3 1 0
grpc/pb/v1/user_grpc.pb.go:53.2,53.17 1 0
grpc/pb/v1/user_grpc.pb.go:56.134,60.16 4 0
grpc/pb/v1/user_grpc.pb.go:60.16,62.3 1 0
grpc/pb/v1/user_grpc.pb.go:63.2,63.17 1 0
grpc/pb/v1/user_grpc.pb.go:66.131,70.16 4 0
grpc/pb/v1/user_grpc.pb.go:70.16,72.3 1 0
grpc/pb/v1/user_grpc.pb.go:73.2,73.17 1 0
grpc/pb/v1/user_grpc.pb.go:76.131,80.16 4 0
grpc/pb/v1/user_grpc.pb.go:80.16,82.3 1 0
grpc/pb/v1/user_grpc.pb.go:83.2,83.17 1 0
grpc/pb/v1/user_grpc.pb.go:103.109,105.2 1 0
grpc/pb/v1/user_grpc.pb.go:106.112,108.2 1 0
grpc/pb/v1/user_grpc.pb.go:109.109,111.2 1 0
grpc/pb/v1/user_grpc.pb.go:112.109,114.2 1 0
grpc/pb/v1/user_grpc.pb.go:115.55,115.56 0 0
grpc/pb/v1/user_grpc.pb.go:124.66,129.59 1 0
grpc/pb/v1/user_grpc.pb.go:129.59,131.3 1 0
grpc/pb/v1/user_grpc.pb.go:132.2,132.43 1 0
grpc/pb/v1/user_grpc.pb.go:135.160,137.32 2 0
grpc/pb/v1/user_grpc.pb.go:137.32,139.3 1 0
grpc/pb/v1/user_grpc.pb.go:140.2,140.24 1 0
grpc/pb/v1/user_grpc.pb.go:140.24,142.3 1 0
grpc/pb/v1/user_grpc.pb.go:143.2,147.77 2 0
grpc/pb/v1/user_grpc.pb.go:147.77,149.3 1 0
grpc/pb/v1/user_grpc.pb.go:150.2,150.44 1 0
grpc/pb/v1/user_grpc.pb.go:153.161,155.32 2 0
grpc/pb/v1/user_grpc.pb.go:155.32,157.3 1 0
grpc/pb/v1/user_grpc.pb.go:158.2,158.24 1 0
grpc/pb/v1/user_grpc.pb.go:158.24,160.3 1 0
grpc/pb/v1/user_grpc.pb.go:161.2,165.77 2 0
grpc/pb/v1/user_grpc.pb.go:165.77,167.3 1 0
grpc/pb/v1/user_grpc.pb.go:168.2,168.44 1 0
grpc/pb/v1/user_grpc.pb.go:171.160,173.32 2 0
grpc/pb/v1/user_grpc.pb.go:173.32,175.3 1 0
grpc/pb/v1/user_grpc.pb.go:176.2,176.24 1 0
grpc/pb/v1/user_grpc.pb.go:176.24,178.3 1 0
grpc/pb/v1/user_grpc.pb.go:179.2,183.77 2 0
grpc/pb/v1/user_grpc.pb.go:183.77,185.3 1 0
grpc/pb/v1/user_grpc.pb.go:186.2,186.44 1 0
grpc/pb/v1/user_grpc.pb.go:189.160,191.32 2 0
grpc/pb/v1/user_grpc.pb.go:191.32,193.3 1 0
grpc/pb/v1/user_grpc.pb.go:194.2,194.24 1 0
grpc/pb/v1/user_grpc.pb.go:194.24,196.3 1 0
grpc/pb/v1/user_grpc.pb.go:197.2,201.77 2 0
grpc/pb/v1/user_grpc.pb.go:201.77,203.3 1 0
grpc/pb/v1/user_grpc.pb.go:204.2,204.44 1 0
grpc/pkg/database/database.go:16.54,21.35 5 0
grpc/pkg/database/database.go:21.35,23.3 1 0
grpc/pkg/database/database.go:25.2,31.35 5 0
grpc/pkg/database/database.go:31.35,33.3 1 0
grpc/pkg/database/database.go:35.2,37.20 3 0
grpc/pkg/database/database.go:40.33,42.2 1 0
grpc/pkg/util/filter.go:15.99,18.27 2 0
grpc/pkg/util/filter.go:18.27,20.3 1 0
grpc/pkg/util/filter.go:22.2,22.9 1 0
grpc/pkg/util/filter.go:23.38,24.15 1 0
grpc/pkg/util/filter.go:25.39,26.16 1 0
grpc/pkg/util/filter.go:27.10,28.15 1 0
grpc/pkg/util/filter.go:31.2,31.29 1 0
grpc/pkg/util/filter.go:31.29,34.3 2 0
grpc/pkg/util/filter.go:36.2,41.3 1 0
grpc/pkg/util/password.go:10.52,12.16 2 1
grpc/pkg/util/password.go:12.16,14.3 1 0
grpc/pkg/util/password.go:15.2,15.36 1 1
grpc/pkg/util/password.go:19.66,21.2 1 0
grpc/internal/mocks/UserRepository.go:20.133,23.19 2 0
grpc/internal/mocks/UserRepository.go:23.19,24.53 1 0
grpc/internal/mocks/UserRepository.go:27.2,30.119 4 0
grpc/internal/mocks/UserRepository.go:30.119,32.3 1 0
grpc/internal/mocks/UserRepository.go:33.2,33.103 1 0
grpc/internal/mocks/UserRepository.go:33.103,35.3 1 0
grpc/internal/mocks/UserRepository.go:35.8,36.24 1 0
grpc/internal/mocks/UserRepository.go:36.24,38.4 1 0
grpc/internal/mocks/UserRepository.go:41.2,41.96 1 0
grpc/internal/mocks/UserRepository.go:41.96,43.3 1 0
grpc/internal/mocks/UserRepository.go:43.8,45.3 1 0
grpc/internal/mocks/UserRepository.go:47.2,47.96 1 0
grpc/internal/mocks/UserRepository.go:47.96,49.3 1 0
grpc/internal/mocks/UserRepository.go:49.8,51.3 1 0
grpc/internal/mocks/UserRepository.go:53.2,53.19 1 0
grpc/internal/mocks/UserRepository.go:57.91,60.19 2 0
grpc/internal/mocks/UserRepository.go:60.19,61.53 1 0
grpc/internal/mocks/UserRepository.go:64.2,66.82 3 0
grpc/internal/mocks/UserRepository.go:66.82,68.3 1 0
grpc/internal/mocks/UserRepository.go:69.2,69.73 1 0
grpc/internal/mocks/UserRepository.go:69.73,71.3 1 0
grpc/internal/mocks/UserRepository.go:71.8,73.3 1 0
grpc/internal/mocks/UserRepository.go:75.2,75.68 1 0
grpc/internal/mocks/UserRepository.go:75.68,77.3 1 0
grpc/internal/mocks/UserRepository.go:77.8,79.3 1 0
grpc/internal/mocks/UserRepository.go:81.2,81.15 1 0
grpc/internal/mocks/UserRepository.go:85.81,88.19 2 0
grpc/internal/mocks/UserRepository.go:88.19,89.52 1 0
grpc/internal/mocks/UserRepository.go:92.2,93.72 2 0
grpc/internal/mocks/UserRepository.go:93.72,95.3 1 0
grpc/internal/mocks/UserRepository.go:95.8,97.3 1 0
grpc/internal/mocks/UserRepository.go:99.2,99.11 1 0
grpc/internal/mocks/UserRepository.go:103.82,106.19 2 0
grpc/internal/mocks/UserRepository.go:106.19,107.52 1 0
grpc/internal/mocks/UserRepository.go:110.2,111.72 2 0
grpc/internal/mocks/UserRepository.go:111.72,113.3 1 0
grpc/internal/mocks/UserRepository.go:113.8,115.3 1 0
grpc/internal/mocks/UserRepository.go:117.2,117.11 1 0
grpc/internal/mocks/UserRepository.go:125.20,129.19 3 0
grpc/internal/mocks/UserRepository.go:129.19,129.49 1 0
grpc/internal/mocks/UserRepository.go:131.2,131.13 1 0
grpc/internal/repository/user.go:24.42,28.2 1 0
grpc/internal/repository/user.go:30.86,39.2 1 0
grpc/internal/repository/user.go:41.157,48.25 3 0
grpc/internal/repository/user.go:48.25,51.3 2 0
grpc/internal/repository/user.go:53.2,53.26 1 0
grpc/internal/repository/user.go:53.26,56.3 2 0
grpc/internal/repository/user.go:58.2,58.28 1 0
grpc/internal/repository/user.go:58.28,59.33 1 0
grpc/internal/repository/user.go:59.33,61.4 1 0
grpc/internal/repository/user.go:61.9,61.41 1 0
grpc/internal/repository/user.go:61.41,63.4 1 0
grpc/internal/repository/user.go:63.9,65.4 1 0
grpc/internal/repository/user.go:66.8,68.3 1 0
grpc/internal/repository/user.go:70.2,70.27 1 0
grpc/internal/repository/user.go:70.27,72.3 1 0
grpc/internal/repository/user.go:72.8,74.3 1 0
grpc/internal/repository/user.go:76.2,81.16 5 0
grpc/internal/repository/user.go:81.16,83.3 1 0
grpc/internal/repository/user.go:85.2,86.16 2 0
grpc/internal/repository/user.go:86.16,88.3 1 0
grpc/internal/repository/user.go:90.2,90.8 1 0
grpc/internal/repository/user.go:93.86,95.2 1 0
grpc/internal/repository/user.go:97.100,100.2 2 0
grpc/cmd/grpc.go:39.13,42.16 3 0
grpc/cmd/grpc.go:42.16,43.13 1 0
grpc/cmd/grpc.go:45.2,47.20 3 0
grpc/cmd/grpc.go:47.20,51.10 3 0
grpc/cmd/grpc.go:52.31,54.30 2 0
grpc/cmd/grpc.go:54.30,55.43 1 0
grpc/cmd/grpc.go:55.43,56.20 1 0
grpc/cmd/grpc.go:56.20,58.17 2 0
grpc/cmd/grpc.go:62.4,62.14 1 0
grpc/cmd/grpc.go:64.3,64.13 1 0
grpc/cmd/grpc.go:67.2,67.20 1 0
grpc/cmd/grpc.go:67.20,67.46 1 0
grpc/cmd/grpc.go:68.2,68.20 1 0
grpc/cmd/grpc.go:68.20,68.46 1 0
grpc/cmd/grpc.go:69.2,70.16 2 0
grpc/cmd/grpc.go:70.16,71.13 1 0
grpc/cmd/grpc.go:73.2,73.8 1 0
grpc/cmd/grpc.go:76.28,79.16 3 0
grpc/cmd/grpc.go:79.16,81.3 1 0
grpc/cmd/grpc.go:84.2,107.12 8 0
grpc/cmd/grpc.go:110.28,122.16 6 0
grpc/cmd/grpc.go:122.16,124.13 2 0
grpc/cmd/grpc.go:126.2,133.4 3 0
grpc/cmd/grpc.go:133.4,134.43 1 0
grpc/cmd/grpc.go:134.43,136.14 2 0
grpc/cmd/grpc.go:141.2,153.155 5 0
grpc/cmd/grpc.go:153.155,166.26 12 0
grpc/cmd/grpc.go:166.26,169.18 3 0
grpc/cmd/grpc.go:169.18,172.5 2 0
grpc/cmd/grpc.go:174.4,175.18 2 0
grpc/cmd/grpc.go:175.18,178.5 2 0
grpc/cmd/grpc.go:181.4,181.62 1 0
grpc/cmd/grpc.go:184.3,189.34 4 0
grpc/cmd/grpc.go:189.34,191.4 1 0
grpc/cmd/grpc.go:193.3,204.34 8 0
grpc/cmd/grpc.go:204.34,206.4 1 0
grpc/cmd/grpc.go:206.9,208.18 2 0
grpc/cmd/grpc.go:208.18,210.5 1 0
grpc/cmd/grpc.go:212.4,212.18 1 0
grpc/cmd/grpc.go:212.18,221.5 3 0
grpc/cmd/grpc.go:222.4,222.23 1 0
grpc/cmd/grpc.go:225.3,226.17 2 0
grpc/cmd/grpc.go:226.17,228.4 1 0
grpc/cmd/grpc.go:230.2,230.16 1 0
grpc/cmd/grpc.go:230.16,232.13 2 0
grpc/cmd/grpc.go:233.3,233.13 1 0
grpc/cmd/grpc.go:235.2,235.12 1 0
grpc/middleware/custom_matcher.go:12.47,13.13 1 0
grpc/middleware/custom_matcher.go:14.23,15.19 1 0
grpc/middleware/custom_matcher.go:16.25,17.19 1 0
grpc/middleware/custom_matcher.go:18.24,19.19 1 0
grpc/middleware/custom_matcher.go:20.30,21.19 1 0
grpc/middleware/custom_matcher.go:22.32,23.19 1 0
grpc/middleware/custom_matcher.go:24.10,25.43 1 0
grpc/middleware/custom_matcher.go:29.61,33.170 3 0
grpc/middleware/custom_matcher.go:33.170,34.240 1 0
grpc/middleware/custom_matcher.go:34.240,36.4 1 0
grpc/middleware/custom_matcher.go:36.9,36.22 1 0
grpc/middleware/custom_matcher.go:36.22,39.4 2 0
grpc/middleware/custom_matcher.go:39.9,41.4 1 0
grpc/middleware/custom_matcher.go:42.8,44.3 1 0
grpc/middleware/custom_matcher.go:47.53,77.2 3 0
grpc/internal/usecase/user.go:28.36,30.2 1 0
grpc/internal/usecase/user.go:32.96,36.2 2 0
grpc/internal/usecase/user.go:38.118,43.16 5 0
grpc/internal/usecase/user.go:43.16,50.3 1 0
grpc/internal/usecase/user.go:52.2,62.16 3 0
grpc/internal/usecase/user.go:62.16,69.3 1 0
grpc/internal/usecase/user.go:71.2,78.8 1 0
grpc/internal/usecase/user.go:81.121,84.16 3 0
grpc/internal/usecase/user.go:84.16,91.3 1 0
grpc/internal/usecase/user.go:93.2,93.16 1 0
grpc/internal/usecase/user.go:93.16,100.3 1 0
grpc/internal/usecase/user.go:102.2,103.29 2 0
grpc/internal/usecase/user.go:103.29,110.3 2 0
grpc/internal/usecase/user.go:112.2,123.8 1 0
grpc/internal/usecase/user.go:126.118,129.16 3 0
grpc/internal/usecase/user.go:129.16,136.3 1 0
grpc/internal/usecase/user.go:138.2,139.16 2 0
grpc/internal/usecase/user.go:139.16,146.3 1 0
grpc/internal/usecase/user.go:147.2,149.33 3 0
grpc/internal/usecase/user.go:149.33,151.17 2 0
grpc/internal/usecase/user.go:151.17,158.4 1 0
grpc/internal/usecase/user.go:161.2,168.16 2 0
grpc/internal/usecase/user.go:168.16,175.3 1 0
grpc/internal/usecase/user.go:177.2,184.8 1 0
grpc/internal/usecase/user.go:187.129,190.16 3 0
grpc/internal/usecase/user.go:190.16,197.3 1 0
grpc/internal/usecase/user.go:199.2,202.16 4 0
grpc/internal/usecase/user.go:202.16,209.3 1 0
grpc/internal/usecase/user.go:210.2,217.8 1 0
grpc/pkg/database/database.go:16.54,21.35 5 0
grpc/pkg/database/database.go:21.35,23.3 1 0
grpc/pkg/database/database.go:25.2,31.35 5 0
grpc/pkg/database/database.go:31.35,33.3 1 0
grpc/pkg/database/database.go:35.2,37.20 3 0
grpc/pkg/database/database.go:40.33,42.2 1 0
grpc/pkg/environment.go:8.43,10.15 2 0
grpc/pkg/environment.go:10.15,12.3 1 0
grpc/pkg/environment.go:12.8,14.22 2 0
grpc/pkg/environment.go:14.22,16.4 1 0
grpc/pkg/environment.go:17.3,17.15 1 0
grpc/pkg/environment.go:21.49,24.2 2 0
grpc/pb/v1/user.pb.go:33.37,38.2 4 0
grpc/pb/v1/user.pb.go:40.45,42.2 1 0
grpc/pb/v1/user.pb.go:44.43,44.44 0 0
grpc/pb/v1/user.pb.go:46.65,48.14 2 0
grpc/pb/v1/user.pb.go:48.14,50.34 2 0
grpc/pb/v1/user.pb.go:50.34,52.4 1 0
grpc/pb/v1/user.pb.go:53.3,53.12 1 0
grpc/pb/v1/user.pb.go:55.2,55.24 1 0
grpc/pb/v1/user.pb.go:59.56,61.2 1 0
grpc/pb/v1/user.pb.go:63.60,64.14 1 0
grpc/pb/v1/user.pb.go:64.14,66.3 1 0
grpc/pb/v1/user.pb.go:67.2,67.12 1 0
grpc/pb/v1/user.pb.go:70.67,71.14 1 0
grpc/pb/v1/user.pb.go:71.14,73.3 1 0
grpc/pb/v1/user.pb.go:74.2,74.12 1 0
grpc/pb/v1/user.pb.go:88.38,93.2 4 0
grpc/pb/v1/user.pb.go:95.46,97.2 1 0
grpc/pb/v1/user.pb.go:99.44,99.45 0 0
grpc/pb/v1/user.pb.go:101.66,103.14 2 0
grpc/pb/v1/user.pb.go:103.14,105.34 2 0
grpc/pb/v1/user.pb.go:105.34,107.4 1 0
grpc/pb/v1/user.pb.go:108.3,108.12 1 0
grpc/pb/v1/user.pb.go:110.2,110.24 1 0
grpc/pb/v1/user.pb.go:114.57,116.2 1 0
grpc/pb/v1/user.pb.go:118.47,119.14 1 0
grpc/pb/v1/user.pb.go:119.14,121.3 1 0
grpc/pb/v1/user.pb.go:122.2,122.10 1 0
grpc/pb/v1/user.pb.go:125.55,126.14 1 0
grpc/pb/v1/user.pb.go:126.14,128.3 1 0
grpc/pb/v1/user.pb.go:129.2,129.11 1 0
grpc/pb/v1/user.pb.go:132.55,133.14 1 0
grpc/pb/v1/user.pb.go:133.14,135.3 1 0
grpc/pb/v1/user.pb.go:136.2,136.11 1 0
grpc/pb/v1/user.pb.go:139.81,140.14 1 0
grpc/pb/v1/user.pb.go:140.14,142.3 1 0
grpc/pb/v1/user.pb.go:143.2,143.12 1 0
grpc/pb/v1/user.pb.go:155.38,160.2 4 0
grpc/pb/v1/user.pb.go:162.46,164.2 1 0
grpc/pb/v1/user.pb.go:166.44,166.45 0 0
grpc/pb/v1/user.pb.go:168.66,170.14 2 0
grpc/pb/v1/user.pb.go:170.14,172.34 2 0
grpc/pb/v1/user.pb.go:172.34,174.4 1 0
grpc/pb/v1/user.pb.go:175.3,175.12 1 0
grpc/pb/v1/user.pb.go:177.2,177.24 1 0
grpc/pb/v1/user.pb.go:181.57,183.2 1 0
grpc/pb/v1/user.pb.go:185.61,186.14 1 0
grpc/pb/v1/user.pb.go:186.14,188.3 1 0
grpc/pb/v1/user.pb.go:189.2,189.12 1 0
grpc/pb/v1/user.pb.go:192.65,193.14 1 0
grpc/pb/v1/user.pb.go:193.14,195.3 1 0
grpc/pb/v1/user.pb.go:196.2,196.12 1 0
grpc/pb/v1/user.pb.go:210.39,215.2 4 0
grpc/pb/v1/user.pb.go:217.47,219.2 1 0
grpc/pb/v1/user.pb.go:221.45,221.46 0 0
grpc/pb/v1/user.pb.go:223.67,225.14 2 0
grpc/pb/v1/user.pb.go:225.14,227.34 2 0
grpc/pb/v1/user.pb.go:227.34,229.4 1 0
grpc/pb/v1/user.pb.go:230.3,230.12 1 0
grpc/pb/v1/user.pb.go:232.2,232.24 1 0
grpc/pb/v1/user.pb.go:236.58,238.2 1 0
grpc/pb/v1/user.pb.go:240.48,241.14 1 0
grpc/pb/v1/user.pb.go:241.14,243.3 1 0
grpc/pb/v1/user.pb.go:244.2,244.10 1 0
grpc/pb/v1/user.pb.go:247.56,248.14 1 0
grpc/pb/v1/user.pb.go:248.14,250.3 1 0
grpc/pb/v1/user.pb.go:251.2,251.11 1 0
grpc/pb/v1/user.pb.go:254.56,255.14 1 0
grpc/pb/v1/user.pb.go:255.14,257.3 1 0
grpc/pb/v1/user.pb.go:258.2,258.11 1 0
grpc/pb/v1/user.pb.go:261.83,262.14 1 0
grpc/pb/v1/user.pb.go:262.14,264.3 1 0
grpc/pb/v1/user.pb.go:265.2,265.12 1 0
grpc/pb/v1/user.pb.go:277.37,282.2 4 0
grpc/pb/v1/user.pb.go:284.45,286.2 1 0
grpc/pb/v1/user.pb.go:288.43,288.44 0 0
grpc/pb/v1/user.pb.go:290.65,292.14 2 0
grpc/pb/v1/user.pb.go:292.14,294.34 2 0
grpc/pb/v1/user.pb.go:294.34,296.4 1 0
grpc/pb/v1/user.pb.go:297.3,297.12 1 0
grpc/pb/v1/user.pb.go:299.2,299.24 1 0
grpc/pb/v1/user.pb.go:303.56,305.2 1 0
grpc/pb/v1/user.pb.go:307.60,308.14 1 0
grpc/pb/v1/user.pb.go:308.14,310.3 1 0
grpc/pb/v1/user.pb.go:311.2,311.12 1 0
grpc/pb/v1/user.pb.go:314.67,315.14 1 0
grpc/pb/v1/user.pb.go:315.14,317.3 1 0
grpc/pb/v1/user.pb.go:318.2,318.12 1 0
grpc/pb/v1/user.pb.go:332.38,337.2 4 0
grpc/pb/v1/user.pb.go:339.46,341.2 1 0
grpc/pb/v1/user.pb.go:343.44,343.45 0 0
grpc/pb/v1/user.pb.go:345.66,347.14 2 0
grpc/pb/v1/user.pb.go:347.14,349.34 2 0
grpc/pb/v1/user.pb.go:349.34,351.4 1 0
grpc/pb/v1/user.pb.go:352.3,352.12 1 0
grpc/pb/v1/user.pb.go:354.2,354.24 1 0
grpc/pb/v1/user.pb.go:358.57,360.2 1 0
grpc/pb/v1/user.pb.go:362.47,363.14 1 0
grpc/pb/v1/user.pb.go:363.14,365.3 1 0
grpc/pb/v1/user.pb.go:366.2,366.10 1 0
grpc/pb/v1/user.pb.go:369.55,370.14 1 0
grpc/pb/v1/user.pb.go:370.14,372.3 1 0
grpc/pb/v1/user.pb.go:373.2,373.11 1 0
grpc/pb/v1/user.pb.go:376.55,377.14 1 0
grpc/pb/v1/user.pb.go:377.14,379.3 1 0
grpc/pb/v1/user.pb.go:380.2,380.11 1 0
grpc/pb/v1/user.pb.go:383.81,384.14 1 0
grpc/pb/v1/user.pb.go:384.14,386.3 1 0
grpc/pb/v1/user.pb.go:387.2,387.12 1 0
grpc/pb/v1/user.pb.go:399.37,404.2 4 0
grpc/pb/v1/user.pb.go:406.45,408.2 1 0
grpc/pb/v1/user.pb.go:410.43,410.44 0 0
grpc/pb/v1/user.pb.go:412.65,414.14 2 0
grpc/pb/v1/user.pb.go:414.14,416.34 2 0
grpc/pb/v1/user.pb.go:416.34,418.4 1 0
grpc/pb/v1/user.pb.go:419.3,419.12 1 0
grpc/pb/v1/user.pb.go:421.2,421.24 1 0
grpc/pb/v1/user.pb.go:425.56,427.2 1 0
grpc/pb/v1/user.pb.go:429.60,430.14 1 0
grpc/pb/v1/user.pb.go:430.14,432.3 1 0
grpc/pb/v1/user.pb.go:433.2,433.12 1 0
grpc/pb/v1/user.pb.go:436.67,437.14 1 0
grpc/pb/v1/user.pb.go:437.14,439.3 1 0
grpc/pb/v1/user.pb.go:440.2,440.12 1 0
grpc/pb/v1/user.pb.go:454.38,459.2 4 0
grpc/pb/v1/user.pb.go:461.46,463.2 1 0
grpc/pb/v1/user.pb.go:465.44,465.45 0 0
grpc/pb/v1/user.pb.go:467.66,469.14 2 0
grpc/pb/v1/user.pb.go:469.14,471.34 2 0
grpc/pb/v1/user.pb.go:471.34,473.4 1 0
grpc/pb/v1/user.pb.go:474.3,474.12 1 0
grpc/pb/v1/user.pb.go:476.2,476.24 1 0
grpc/pb/v1/user.pb.go:480.57,482.2 1 0
grpc/pb/v1/user.pb.go:484.47,485.14 1 0
grpc/pb/v1/user.pb.go:485.14,487.3 1 0
grpc/pb/v1/user.pb.go:488.2,488.10 1 0
grpc/pb/v1/user.pb.go:491.55,492.14 1 0
grpc/pb/v1/user.pb.go:492.14,494.3 1 0
grpc/pb/v1/user.pb.go:495.2,495.11 1 0
grpc/pb/v1/user.pb.go:498.55,499.14 1 0
grpc/pb/v1/user.pb.go:499.14,501.3 1 0
grpc/pb/v1/user.pb.go:502.2,502.11 1 0
grpc/pb/v1/user.pb.go:505.81,506.14 1 0
grpc/pb/v1/user.pb.go:506.14,508.3 1 0
grpc/pb/v1/user.pb.go:509.2,509.12 1 0
grpc/pb/v1/user.pb.go:522.46,527.2 4 0
grpc/pb/v1/user.pb.go:529.54,531.2 1 0
grpc/pb/v1/user.pb.go:533.52,533.53 0 0
grpc/pb/v1/user.pb.go:535.74,537.14 2 0
grpc/pb/v1/user.pb.go:537.14,539.34 2 0
grpc/pb/v1/user.pb.go:539.34,541.4 1 0
grpc/pb/v1/user.pb.go:542.3,542.12 1 0
grpc/pb/v1/user.pb.go:544.2,544.24 1 0
grpc/pb/v1/user.pb.go:548.65,550.2 1 0
grpc/pb/v1/user.pb.go:552.56,553.14 1 0
grpc/pb/v1/user.pb.go:553.14,555.3 1 0
grpc/pb/v1/user.pb.go:556.2,556.11 1 0
grpc/pb/v1/user.pb.go:559.59,560.14 1 0
grpc/pb/v1/user.pb.go:560.14,562.3 1 0
grpc/pb/v1/user.pb.go:563.2,563.11 1 0
grpc/pb/v1/user.pb.go:566.55,567.14 1 0
grpc/pb/v1/user.pb.go:567.14,569.3 1 0
grpc/pb/v1/user.pb.go:570.2,570.11 1 0
grpc/pb/v1/user.pb.go:581.51,586.2 4 0
grpc/pb/v1/user.pb.go:588.59,590.2 1 0
grpc/pb/v1/user.pb.go:592.57,592.58 0 0
grpc/pb/v1/user.pb.go:594.79,596.14 2 0
grpc/pb/v1/user.pb.go:596.14,598.34 2 0
grpc/pb/v1/user.pb.go:598.34,600.4 1 0
grpc/pb/v1/user.pb.go:601.3,601.12 1 0
grpc/pb/v1/user.pb.go:603.2,603.24 1 0
grpc/pb/v1/user.pb.go:607.70,609.2 1 0
grpc/pb/v1/user.pb.go:611.58,612.14 1 0
grpc/pb/v1/user.pb.go:612.14,614.3 1 0
grpc/pb/v1/user.pb.go:615.2,615.11 1 0
grpc/pb/v1/user.pb.go:627.43,632.2 4 0
grpc/pb/v1/user.pb.go:634.51,636.2 1 0
grpc/pb/v1/user.pb.go:638.49,638.50 0 0
grpc/pb/v1/user.pb.go:640.71,642.14 2 0
grpc/pb/v1/user.pb.go:642.14,644.34 2 0
grpc/pb/v1/user.pb.go:644.34,646.4 1 0
grpc/pb/v1/user.pb.go:647.3,647.12 1 0
grpc/pb/v1/user.pb.go:649.2,649.24 1 0
grpc/pb/v1/user.pb.go:653.62,655.2 1 0
grpc/pb/v1/user.pb.go:657.77,658.14 1 0
grpc/pb/v1/user.pb.go:658.14,660.3 1 0
grpc/pb/v1/user.pb.go:661.2,661.12 1 0
grpc/pb/v1/user.pb.go:664.77,665.14 1 0
grpc/pb/v1/user.pb.go:665.14,667.3 1 0
grpc/pb/v1/user.pb.go:668.2,668.12 1 0
grpc/pb/v1/user.pb.go:682.49,687.2 4 0
grpc/pb/v1/user.pb.go:689.57,691.2 1 0
grpc/pb/v1/user.pb.go:693.55,693.56 0 0
grpc/pb/v1/user.pb.go:695.77,697.14 2 0
grpc/pb/v1/user.pb.go:697.14,699.34 2 0
grpc/pb/v1/user.pb.go:699.34,701.4 1 0
grpc/pb/v1/user.pb.go:702.3,702.12 1 0
grpc/pb/v1/user.pb.go:704.2,704.24 1 0
grpc/pb/v1/user.pb.go:708.68,710.2 1 0
grpc/pb/v1/user.pb.go:712.58,713.14 1 0
grpc/pb/v1/user.pb.go:713.14,715.3 1 0
grpc/pb/v1/user.pb.go:716.2,716.10 1 0
grpc/pb/v1/user.pb.go:719.57,720.14 1 0
grpc/pb/v1/user.pb.go:720.14,722.3 1 0
grpc/pb/v1/user.pb.go:723.2,723.10 1 0
grpc/pb/v1/user.pb.go:726.58,727.14 1 0
grpc/pb/v1/user.pb.go:727.14,729.3 1 0
grpc/pb/v1/user.pb.go:730.2,730.11 1 0
grpc/pb/v1/user.pb.go:733.59,734.14 1 0
grpc/pb/v1/user.pb.go:734.14,736.3 1 0
grpc/pb/v1/user.pb.go:737.2,737.11 1 0
grpc/pb/v1/user.pb.go:748.49,753.2 4 0
grpc/pb/v1/user.pb.go:755.57,757.2 1 0
grpc/pb/v1/user.pb.go:759.55,759.56 0 0
grpc/pb/v1/user.pb.go:761.77,763.14 2 0
grpc/pb/v1/user.pb.go:763.14,765.34 2 0
grpc/pb/v1/user.pb.go:765.34,767.4 1 0
grpc/pb/v1/user.pb.go:768.3,768.12 1 0
grpc/pb/v1/user.pb.go:770.2,770.24 1 0
grpc/pb/v1/user.pb.go:774.68,776.2 1 0
grpc/pb/v1/user.pb.go:778.71,779.14 1 0
grpc/pb/v1/user.pb.go:779.14,781.3 1 0
grpc/pb/v1/user.pb.go:782.2,782.12 1 0
grpc/pb/v1/user.pb.go:797.52,802.2 4 0
grpc/pb/v1/user.pb.go:804.60,806.2 1 0
grpc/pb/v1/user.pb.go:808.58,808.59 0 0
grpc/pb/v1/user.pb.go:810.80,812.14 2 0
grpc/pb/v1/user.pb.go:812.14,814.34 2 0
grpc/pb/v1/user.pb.go:814.34,816.4 1 0
grpc/pb/v1/user.pb.go:817.3,817.12 1 0
grpc/pb/v1/user.pb.go:819.2,819.24 1 0
grpc/pb/v1/user.pb.go:823.71,825.2 1 0
grpc/pb/v1/user.pb.go:827.60,828.14 1 0
grpc/pb/v1/user.pb.go:828.14,830.3 1 0
grpc/pb/v1/user.pb.go:831.2,831.10 1 0
grpc/pb/v1/user.pb.go:834.61,835.14 1 0
grpc/pb/v1/user.pb.go:835.14,837.3 1 0
grpc/pb/v1/user.pb.go:838.2,838.10 1 0
grpc/pb/v1/user.pb.go:841.61,842.14 1 0
grpc/pb/v1/user.pb.go:842.14,844.3 1 0
grpc/pb/v1/user.pb.go:845.2,845.10 1 0
grpc/pb/v1/user.pb.go:848.65,849.14 1 0
grpc/pb/v1/user.pb.go:849.14,851.3 1 0
grpc/pb/v1/user.pb.go:852.2,852.10 1 0
grpc/pb/v1/user.pb.go:855.103,856.14 1 0
grpc/pb/v1/user.pb.go:856.14,858.3 1 0
grpc/pb/v1/user.pb.go:859.2,859.12 1 0
grpc/pb/v1/user.pb.go:872.61,877.2 4 0
grpc/pb/v1/user.pb.go:879.69,881.2 1 0
grpc/pb/v1/user.pb.go:883.67,883.68 0 0
grpc/pb/v1/user.pb.go:885.89,887.14 2 0
grpc/pb/v1/user.pb.go:887.14,889.34 2 0
grpc/pb/v1/user.pb.go:889.34,891.4 1 0
grpc/pb/v1/user.pb.go:892.3,892.12 1 0
grpc/pb/v1/user.pb.go:894.2,894.24 1 0
grpc/pb/v1/user.pb.go:898.80,900.2 1 0
grpc/pb/v1/user.pb.go:902.68,903.14 1 0
grpc/pb/v1/user.pb.go:903.14,905.3 1 0
grpc/pb/v1/user.pb.go:906.2,906.11 1 0
grpc/pb/v1/user.pb.go:909.71,910.14 1 0
grpc/pb/v1/user.pb.go:910.14,912.3 1 0
grpc/pb/v1/user.pb.go:913.2,913.11 1 0
grpc/pb/v1/user.pb.go:916.70,917.14 1 0
grpc/pb/v1/user.pb.go:917.14,919.3 1 0
grpc/pb/v1/user.pb.go:920.2,920.11 1 0
grpc/pb/v1/user.pb.go:935.46,940.2 4 0
grpc/pb/v1/user.pb.go:942.54,944.2 1 0
grpc/pb/v1/user.pb.go:946.52,946.53 0 0
grpc/pb/v1/user.pb.go:948.74,950.14 2 0
grpc/pb/v1/user.pb.go:950.14,952.34 2 0
grpc/pb/v1/user.pb.go:952.34,954.4 1 0
grpc/pb/v1/user.pb.go:955.3,955.12 1 0
grpc/pb/v1/user.pb.go:957.2,957.24 1 0
grpc/pb/v1/user.pb.go:961.65,963.2 1 0
grpc/pb/v1/user.pb.go:965.53,966.14 1 0
grpc/pb/v1/user.pb.go:966.14,968.3 1 0
grpc/pb/v1/user.pb.go:969.2,969.11 1 0
grpc/pb/v1/user.pb.go:972.56,973.14 1 0
grpc/pb/v1/user.pb.go:973.14,975.3 1 0
grpc/pb/v1/user.pb.go:976.2,976.11 1 0
grpc/pb/v1/user.pb.go:979.55,980.14 1 0
grpc/pb/v1/user.pb.go:980.14,982.3 1 0
grpc/pb/v1/user.pb.go:983.2,983.11 1 0
grpc/pb/v1/user.pb.go:986.59,987.14 1 0
grpc/pb/v1/user.pb.go:987.14,989.3 1 0
grpc/pb/v1/user.pb.go:990.2,990.11 1 0
grpc/pb/v1/user.pb.go:993.62,994.14 1 0
grpc/pb/v1/user.pb.go:994.14,996.3 1 0
grpc/pb/v1/user.pb.go:997.2,997.11 1 0
grpc/pb/v1/user.pb.go:1008.51,1013.2 4 0
grpc/pb/v1/user.pb.go:1015.59,1017.2 1 0
grpc/pb/v1/user.pb.go:1019.57,1019.58 0 0
grpc/pb/v1/user.pb.go:1021.79,1023.14 2 0
grpc/pb/v1/user.pb.go:1023.14,1025.34 2 0
grpc/pb/v1/user.pb.go:1025.34,1027.4 1 0
grpc/pb/v1/user.pb.go:1028.3,1028.12 1 0
grpc/pb/v1/user.pb.go:1030.2,1030.24 1 0
grpc/pb/v1/user.pb.go:1034.70,1036.2 1 0
grpc/pb/v1/user.pb.go:1038.58,1039.14 1 0
grpc/pb/v1/user.pb.go:1039.14,1041.3 1 0
grpc/pb/v1/user.pb.go:1042.2,1042.11 1 0
grpc/pb/v1/user.pb.go:1053.46,1058.2 4 0
grpc/pb/v1/user.pb.go:1060.54,1062.2 1 0
grpc/pb/v1/user.pb.go:1064.52,1064.53 0 0
grpc/pb/v1/user.pb.go:1066.74,1068.14 2 0
grpc/pb/v1/user.pb.go:1068.14,1070.34 2 0
grpc/pb/v1/user.pb.go:1070.34,1072.4 1 0
grpc/pb/v1/user.pb.go:1073.3,1073.12 1 0
grpc/pb/v1/user.pb.go:1075.2,1075.24 1 0
grpc/pb/v1/user.pb.go:1079.65,1081.2 1 0
grpc/pb/v1/user.pb.go:1083.53,1084.14 1 0
grpc/pb/v1/user.pb.go:1084.14,1086.3 1 0
grpc/pb/v1/user.pb.go:1087.2,1087.11 1 0
grpc/pb/v1/user.pb.go:1098.51,1103.2 4 0
grpc/pb/v1/user.pb.go:1105.59,1107.2 1 0
grpc/pb/v1/user.pb.go:1109.57,1109.58 0 0
grpc/pb/v1/user.pb.go:1111.79,1113.14 2 0
grpc/pb/v1/user.pb.go:1113.14,1115.34 2 0
grpc/pb/v1/user.pb.go:1115.34,1117.4 1 0
grpc/pb/v1/user.pb.go:1118.3,1118.12 1 0
grpc/pb/v1/user.pb.go:1120.2,1120.24 1 0
grpc/pb/v1/user.pb.go:1124.70,1126.2 1 0
grpc/pb/v1/user.pb.go:1128.58,1129.14 1 0
grpc/pb/v1/user.pb.go:1129.14,1131.3 1 0
grpc/pb/v1/user.pb.go:1132.2,1132.11 1 0
grpc/pb/v1/user.pb.go:1333.46,1334.43 1 0
grpc/pb/v1/user.pb.go:1334.43,1336.3 1 0
grpc/pb/v1/user.pb.go:1337.2,1337.39 1 0
grpc/pb/v1/user.pb.go:1399.13,1399.42 1 0
grpc/pb/v1/user.pb.go:1400.32,1401.31 1 0
grpc/pb/v1/user.pb.go:1401.31,1403.3 1 0
grpc/pb/v1/user.pb.go:1404.2,1421.34 6 0
grpc/pb/v1/user.pb.gw.go:38.197,43.100 2 0
grpc/pb/v1/user.pb.gw.go:43.100,45.3 1 0
grpc/pb/v1/user.pb.gw.go:46.2,47.27 2 0
grpc/pb/v1/user.pb.gw.go:50.203,55.100 2 0
grpc/pb/v1/user.pb.gw.go:55.100,57.3 1 0
grpc/pb/v1/user.pb.gw.go:58.2,59.27 2 0
grpc/pb/v1/user.pb.gw.go:62.198,67.100 2 0
grpc/pb/v1/user.pb.gw.go:67.100,69.3 1 0
grpc/pb/v1/user.pb.gw.go:70.2,71.27 2 0
grpc/pb/v1/user.pb.gw.go:74.204,79.100 2 0
grpc/pb/v1/user.pb.gw.go:79.100,81.3 1 0
grpc/pb/v1/user.pb.gw.go:82.2,83.27 2 0
grpc/pb/v1/user.pb.gw.go:86.197,91.100 2 0
grpc/pb/v1/user.pb.gw.go:91.100,93.3 1 0
grpc/pb/v1/user.pb.gw.go:94.2,95.27 2 0
grpc/pb/v1/user.pb.gw.go:98.203,103.100 2 0
grpc/pb/v1/user.pb.gw.go:103.100,105.3 1 0
grpc/pb/v1/user.pb.gw.go:106.2,107.27 2 0
grpc/pb/v1/user.pb.gw.go:110.197,115.100 2 0
grpc/pb/v1/user.pb.gw.go:115.100,117.3 1 0
grpc/pb/v1/user.pb.gw.go:118.2,119.27 2 0
grpc/pb/v1/user.pb.gw.go:122.203,127.100 2 0
grpc/pb/v1/user.pb.gw.go:127.100,129.3 1 0
grpc/pb/v1/user.pb.gw.go:130.2,131.27 2 0
grpc/pb/v1/user.pb.gw.go:139.101,140.134 1 0
grpc/pb/v1/user.pb.gw.go:140.134,147.17 7 0
grpc/pb/v1/user.pb.gw.go:147.17,150.4 2 0
grpc/pb/v1/user.pb.gw.go:151.3,154.17 4 0
grpc/pb/v1/user.pb.gw.go:154.17,157.4 2 0
grpc/pb/v1/user.pb.gw.go:158.3,158.120 1 0
grpc/pb/v1/user.pb.gw.go:160.2,160.135 1 0
grpc/pb/v1/user.pb.gw.go:160.135,167.17 7 0
grpc/pb/v1/user.pb.gw.go:167.17,170.4 2 0
grpc/pb/v1/user.pb.gw.go:171.3,174.17 4 0
grpc/pb/v1/user.pb.gw.go:174.17,177.4 2 0
grpc/pb/v1/user.pb.gw.go:178.3,178.121 1 0
grpc/pb/v1/user.pb.gw.go:180.2,180.134 1 0
grpc/pb/v1/user.pb.gw.go:180.134,187.17 7 0
grpc/pb/v1/user.pb.gw.go:187.17,190.4 2 0
grpc/pb/v1/user.pb.gw.go:191.3,194.17 4 0
grpc/pb/v1/user.pb.gw.go:194.17,197.4 2 0
grpc/pb/v1/user.pb.gw.go:198.3,198.120 1 0
grpc/pb/v1/user.pb.gw.go:200.2,200.134 1 0
grpc/pb/v1/user.pb.gw.go:200.134,207.17 7 0
grpc/pb/v1/user.pb.gw.go:207.17,210.4 2 0
grpc/pb/v1/user.pb.gw.go:211.3,214.17 4 0
grpc/pb/v1/user.pb.gw.go:214.17,217.4 2 0
grpc/pb/v1/user.pb.gw.go:218.3,218.120 1 0
grpc/pb/v1/user.pb.gw.go:221.2,221.12 1 0
grpc/pb/v1/user.pb.gw.go:226.135,228.16 2 0
grpc/pb/v1/user.pb.gw.go:228.16,230.3 1 0
grpc/pb/v1/user.pb.gw.go:231.2,231.15 1 0
grpc/pb/v1/user.pb.gw.go:231.15,232.17 1 0
grpc/pb/v1/user.pb.gw.go:232.17,233.41 1 0
grpc/pb/v1/user.pb.gw.go:233.41,235.5 1 0
grpc/pb/v1/user.pb.gw.go:236.4,236.10 1 0
grpc/pb/v1/user.pb.gw.go:238.3,238.13 1 0
grpc/pb/v1/user.pb.gw.go:238.13,240.41 2 0
grpc/pb/v1/user.pb.gw.go:240.41,242.5 1 0
grpc/pb/v1/user.pb.gw.go:245.2,245.44 1 0
grpc/pb/v1/user.pb.gw.go:250.99,252.2 1 0
grpc/pb/v1/user.pb.gw.go:259.101,260.134 1 0
grpc/pb/v1/user.pb.gw.go:260.134,265.17 5 0
grpc/pb/v1/user.pb.gw.go:265.17,268.4 2 0
grpc/pb/v1/user.pb.gw.go:269.3,271.17 3 0
grpc/pb/v1/user.pb.gw.go:271.17,274.4 2 0
grpc/pb/v1/user.pb.gw.go:275.3,275.120 1 0
grpc/pb/v1/user.pb.gw.go:277.2,277.135 1 0
grpc/pb/v1/user.pb.gw.go:277.135,282.17 5 0
grpc/pb/v1/user.pb.gw.go:282.17,285.4 2 0
grpc/pb/v1/user.pb.gw.go:286.3,288.17 3 0
grpc/pb/v1/user.pb.gw.go:288.17,291.4 2 0
grpc/pb/v1/user.pb.gw.go:292.3,292.121 1 0
grpc/pb/v1/user.pb.gw.go:294.2,294.134 1 0
grpc/pb/v1/user.pb.gw.go:294.134,299.17 5 0
grpc/pb/v1/user.pb.gw.go:299.17,302.4 2 0
grpc/pb/v1/user.pb.gw.go:303.3,305.17 3 0
grpc/pb/v1/user.pb.gw.go:305.17,308.4 2 0
grpc/pb/v1/user.pb.gw.go:309.3,309.120 1 0
grpc/pb/v1/user.pb.gw.go:311.2,311.134 1 0
grpc/pb/v1/user.pb.gw.go:311.134,316.17 5 0
grpc/pb/v1/user.pb.gw.go:316.17,319.4 2 0
grpc/pb/v1/user.pb.gw.go:320.3,322.17 3 0
grpc/pb/v1/user.pb.gw.go:322.17,325.4 2 0
grpc/pb/v1/user.pb.gw.go:326.3,326.120 1 0
grpc/pb/v1/user.pb.gw.go:328.2,328.12 1 0
grpc/pb/v1/user_grpc.pb.go:42.60,44.2 1 0
grpc/pb/v1/user_grpc.pb.go:46.131,50.16 4 0
grpc/pb/v1/user_grpc.pb.go:50.16,52.3 1 0
grpc/pb/v1/user_grpc.pb.go:53.2,53.17 1 0
grpc/pb/v1/user_grpc.pb.go:56.134,60.16 4 0
grpc/pb/v1/user_grpc.pb.go:60.16,62.3 1 0
grpc/pb/v1/user_grpc.pb.go:63.2,63.17 1 0
grpc/pb/v1/user_grpc.pb.go:66.131,70.16 4 0
grpc/pb/v1/user_grpc.pb.go:70.16,72.3 1 0
grpc/pb/v1/user_grpc.pb.go:73.2,73.17 1 0
grpc/pb/v1/user_grpc.pb.go:76.131,80.16 4 0
grpc/pb/v1/user_grpc.pb.go:80.16,82.3 1 0
grpc/pb/v1/user_grpc.pb.go:83.2,83.17 1 0
grpc/pb/v1/user_grpc.pb.go:103.109,105.2 1 0
grpc/pb/v1/user_grpc.pb.go:106.112,108.2 1 0
grpc/pb/v1/user_grpc.pb.go:109.109,111.2 1 0
grpc/pb/v1/user_grpc.pb.go:112.109,114.2 1 0
grpc/pb/v1/user_grpc.pb.go:115.55,115.56 0 0
grpc/pb/v1/user_grpc.pb.go:124.66,129.59 1 0
grpc/pb/v1/user_grpc.pb.go:129.59,131.3 1 0
grpc/pb/v1/user_grpc.pb.go:132.2,132.43 1 0
grpc/pb/v1/user_grpc.pb.go:135.160,137.32 2 0
grpc/pb/v1/user_grpc.pb.go:137.32,139.3 1 0
grpc/pb/v1/user_grpc.pb.go:140.2,140.24 1 0
grpc/pb/v1/user_grpc.pb.go:140.24,142.3 1 0
grpc/pb/v1/user_grpc.pb.go:143.2,147.77 2 0
grpc/pb/v1/user_grpc.pb.go:147.77,149.3 1 0
grpc/pb/v1/user_grpc.pb.go:150.2,150.44 1 0
grpc/pb/v1/user_grpc.pb.go:153.161,155.32 2 0
grpc/pb/v1/user_grpc.pb.go:155.32,157.3 1 0
grpc/pb/v1/user_grpc.pb.go:158.2,158.24 1 0
grpc/pb/v1/user_grpc.pb.go:158.24,160.3 1 0
grpc/pb/v1/user_grpc.pb.go:161.2,165.77 2 0
grpc/pb/v1/user_grpc.pb.go:165.77,167.3 1 0
grpc/pb/v1/user_grpc.pb.go:168.2,168.44 1 0
grpc/pb/v1/user_grpc.pb.go:171.160,173.32 2 0
grpc/pb/v1/user_grpc.pb.go:173.32,175.3 1 0
grpc/pb/v1/user_grpc.pb.go:176.2,176.24 1 0
grpc/pb/v1/user_grpc.pb.go:176.24,178.3 1 0
grpc/pb/v1/user_grpc.pb.go:179.2,183.77 2 0
grpc/pb/v1/user_grpc.pb.go:183.77,185.3 1 0
grpc/pb/v1/user_grpc.pb.go:186.2,186.44 1 0
grpc/pb/v1/user_grpc.pb.go:189.160,191.32 2 0
grpc/pb/v1/user_grpc.pb.go:191.32,193.3 1 0
grpc/pb/v1/user_grpc.pb.go:194.2,194.24 1 0
grpc/pb/v1/user_grpc.pb.go:194.24,196.3 1 0
grpc/pb/v1/user_grpc.pb.go:197.2,201.77 2 0
grpc/pb/v1/user_grpc.pb.go:201.77,203.3 1 0
grpc/pb/v1/user_grpc.pb.go:204.2,204.44 1 0
grpc/pkg/logger/logger.go:22.18,24.16 2 0
grpc/pkg/logger/logger.go:25.14,26.47 1 0
grpc/pkg/logger/logger.go:27.10,28.47 1 0
grpc/pkg/logger/logger.go:31.2,32.13 2 0
grpc/pkg/logger/logger.go:33.15,34.37 1 0
grpc/pkg/logger/logger.go:35.14,36.36 1 0
grpc/pkg/logger/logger.go:37.15,38.37 1 0
grpc/pkg/logger/logger.go:39.15,40.37 1 0
grpc/pkg/logger/logger.go:41.10,42.36 1 0
grpc/pkg/logger/logger.go:45.2,45.47 1 0
grpc/pkg/logger/logger.go:48.19,52.2 3 0
grpc/pkg/logger/logger.go:54.52,55.16 1 0
grpc/pkg/logger/logger.go:55.16,57.3 1 0
grpc/pkg/logger/logger.go:58.2,61.4 1 0
grpc/pkg/logger/logger.go:64.80,65.16 1 0
grpc/pkg/logger/logger.go:65.16,67.3 1 0
grpc/pkg/logger/logger.go:68.2,71.4 1 0
grpc/pkg/logger/logger.go:74.66,81.2 3 0
grpc/pkg/logger/logger.go:83.43,90.2 1 0
grpc/pkg/logger/logger.go:92.31,95.2 2 0
grpc/pkg/logger/logger.go:97.60,107.2 3 0
grpc/pkg/logger/logger.go:109.48,117.2 3 0
grpc/pkg/logger/logger.go:257.48,268.23 2 0
grpc/pkg/logger/logger.go:268.23,270.3 1 0
grpc/pkg/logger/logger.go:271.2,271.15 1 0
grpc/pkg/logger/logger.go:275.33,277.2 1 0
grpc/pkg/logger/logger.go:280.38,289.2 8 0
grpc/pkg/logger/logger.go:291.56,313.8 3 0
grpc/pkg/logger/logger.go:313.8,314.22 1 0
grpc/pkg/logger/logger.go:314.22,316.4 1 0
grpc/pkg/logger/logger.go:316.9,318.4 1 0
grpc/pkg/logger/logger.go:320.2,320.18 1 0
grpc/pkg/logger/logger.go:323.47,325.8 2 0
grpc/pkg/logger/logger.go:325.8,327.3 1 0
grpc/pkg/logger/logger.go:328.2,328.10 1 0
grpc/pkg/logger/logger.go:331.49,335.18 3 0
grpc/pkg/logger/logger.go:336.13,340.8 4 0
grpc/pkg/logger/logger.go:342.14,346.8 4 0
grpc/pkg/logger/logger.go:349.2,349.16 1 0
grpc/pkg/logger/logger.go:349.16,351.3 1 0
grpc/pkg/logger/logger.go:353.2,353.14 1 0
grpc/pkg/logger/logger.go:357.54,359.2 1 0
grpc/pkg/logger/logger.go:361.47,369.50 2 0
grpc/pkg/logger/logger.go:369.50,371.3 1 0
grpc/pkg/logger/logger.go:372.2,372.13 1 0
grpc/pkg/logger/logger.go:376.41,378.2 1 0
grpc/pkg/logger/logger.go:381.39,383.2 1 0
grpc/pkg/logger/logger.go:386.49,388.2 1 0
grpc/pkg/logger/logger.go:390.24,392.2 1 0
grpc/pkg/logger/logger.go:395.58,397.2 1 0
grpc/pkg/logger/logger.go:399.27,401.2 1 0
grpc/pkg/logger/logger.go:403.21,405.2 1 0
grpc/pkg/logger/logger.go:407.51,408.15 1 0
grpc/pkg/logger/logger.go:408.15,410.3 1 0
grpc/pkg/logger/logger.go:411.2,411.12 1 0
grpc/pkg/logger/logger.go:415.28,418.2 2 0
grpc/pkg/logger/logger.go:421.45,423.2 1 0
grpc/pkg/logger/logger.go:426.40,429.2 2 0
grpc/pkg/logger/logger.go:432.44,434.2 1 0
grpc/pkg/logger/logger.go:437.28,440.2 2 0
grpc/pkg/logger/logger.go:443.45,445.2 1 0
grpc/pkg/logger/logger.go:448.27,451.2 2 0
grpc/pkg/logger/logger.go:454.44,456.2 1 0
grpc/pkg/logger/logger.go:458.44,467.2 7 0
grpc/pkg/logger/logger.go:469.51,471.2 1 0
grpc/pkg/util/filter.go:15.99,18.27 2 0
grpc/pkg/util/filter.go:18.27,20.3 1 0
grpc/pkg/util/filter.go:22.2,22.9 1 0
grpc/pkg/util/filter.go:23.38,24.15 1 0
grpc/pkg/util/filter.go:25.39,26.16 1 0
grpc/pkg/util/filter.go:27.10,28.15 1 0
grpc/pkg/util/filter.go:31.2,31.29 1 0
grpc/pkg/util/filter.go:31.29,34.3 2 0
grpc/pkg/util/filter.go:36.2,41.3 1 0
grpc/pkg/util/password.go:10.52,12.16 2 0
grpc/pkg/util/password.go:12.16,14.3 1 0
grpc/pkg/util/password.go:15.2,15.36 1 0
grpc/pkg/util/password.go:19.66,21.2 1 0
